<?xml version="1.0" encoding="utf-8"?><testsuite errors="0" failures="0" name="sphinx-gallery" skipped="0" tests="1" time="232.11695790290833"><testcase classname="plot_digits_metrics" file="../examples/plot_digits_metrics.py" line="1" name="Active learning on digit recognition and metrics" time="232.11695790290833"></testcase></testsuite>