<?xml version="1.0" encoding="utf-8"?><testsuite errors="0" failures="0" name="sphinx-gallery" skipped="0" tests="1" time="262.33721590042114"><testcase classname="plot_digits_metrics" file="../examples/plot_digits_metrics.py" line="1" name="Active Learning on Digit Recognition and Metrics" time="262.33721590042114"></testcase></testsuite>