<?xml version="1.0" encoding="utf-8"?><testsuite errors="0" failures="0" name="sphinx-gallery" skipped="0" tests="4" time="1033.9558670520782"><testcase classname="plot_random_vs_confidence" file="../examples/plot_random_vs_confidence.py" line="1" name="Lowest confidence vs. Random sampling" time="1.3648402690887451"></testcase><testcase classname="plot_clustering" file="../examples/plot_clustering.py" line="1" name="Active learning on digit recognition using clustering" time="353.85646080970764"></testcase><testcase classname="plot_confidence_vs_diversity" file="../examples/plot_confidence_vs_diversity.py" line="1" name="Lowest confidence vs. KMeans sampling" time="6.6499528884887695"></testcase><testcase classname="plot_digits_metrics" file="../examples/plot_digits_metrics.py" line="1" name="Active Learning on Digit Recognition and Metrics" time="672.0846130847931"></testcase></testsuite>