<?xml version="1.0" encoding="utf-8"?><testsuite errors="0" failures="0" name="sphinx-gallery" skipped="0" tests="2" time="3.497692823410034"><testcase classname="plot_random_vs_confidence" file="../examples/plot_random_vs_confidence.py" line="1" name="Lowest confidence vs. Random sampling" time="1.1067540645599365"></testcase><testcase classname="plot_confidence_vs_diversity" file="../examples/plot_confidence_vs_diversity.py" line="1" name="Lowest confidence vs. KMeans sampling" time="2.3909387588500977"></testcase></testsuite>