<?xml version="1.0" encoding="utf-8"?><testsuite errors="0" failures="0" name="sphinx-gallery" skipped="0" tests="5" time="1137.0462596416473"><testcase classname="plot_random_vs_confidence" file="../examples/plot_random_vs_confidence.py" line="1" name="Lowest confidence vs. Random sampling" time="2.168790102005005"></testcase><testcase classname="plot_clustering" file="../examples/plot_clustering.py" line="1" name="Active learning on digit recognition using clustering" time="264.83366775512695"></testcase><testcase classname="plot_confidence_vs_diversity" file="../examples/plot_confidence_vs_diversity.py" line="1" name="Lowest confidence vs. KMeans sampling" time="30.390994787216187"></testcase><testcase classname="plot_digits_metrics" file="../examples/plot_digits_metrics.py" line="1" name="Active Learning on Digit Recognition and Metrics" time="440.2103359699249"></testcase><testcase classname="plot_digits_metrics_weighted" file="../examples/plot_digits_metrics_weighted.py" line="1" name="Active Learning on Digit Recognition and Metrics" time="399.44247102737427"></testcase></testsuite>