<?xml version="1.0" encoding="utf-8"?><testsuite errors="0" failures="0" name="sphinx-gallery" skipped="0" tests="4" time="448.09126377105713"><testcase classname="plot_random_vs_confidence" file="../examples/plot_random_vs_confidence.py" line="1" name="Lowest confidence vs. Random sampling" time="2.357865810394287"></testcase><testcase classname="plot_clustering" file="../examples/plot_clustering.py" line="1" name="Active Learning on Digit Recognition with Clustering-based Sampling" time="188.74541902542114"></testcase><testcase classname="plot_confidence_vs_diversity" file="../examples/plot_confidence_vs_diversity.py" line="1" name="Lowest confidence vs. KMeans sampling" time="1.47170090675354"></testcase><testcase classname="plot_digits_metrics" file="../examples/plot_digits_metrics.py" line="1" name="Active Learning on Digit Recognition and Metrics" time="255.51627802848816"></testcase></testsuite>