<?xml version="1.0" encoding="utf-8"?><testsuite errors="0" failures="0" name="sphinx-gallery" skipped="0" tests="1" time="1.670637845993042"><testcase classname="plot_random_vs_confidence" file="../examples/plot_random_vs_confidence.py" line="1" name="Lowest confidence vs. Random sampling" time="1.670637845993042"></testcase></testsuite>